<?xml version="1.0" encoding="UTF-8"?>
<testsuite xmlns:xsi="http://www.w3.org/2001/XMLSchema-instance" xsi:noNamespaceSchemaLocation="https://maven.apache.org/surefire/maven-surefire-plugin/xsd/surefire-test-report.xsd" name="TestSuite" time="40.092" tests="7" errors="0" skipped="6" failures="1">
  <properties>
[...]
</properties>
  <testcase name="beforeClass" classname="com.nopcommerce.user.livecoding.LiveCoding_nopcommerce_Wishlist_Compare_RecentView" time="39.887">
    <failure message="Expected condition failed: waiting for visibility of element located by By.xpath: //div[@class=&apos;product-item&apos;]//h2[@class=&apos;product-title&apos;]/a[text()=&apos;%s&apos;] (tried for 30 second(s) with 500 milliseconds interval)" type="org.openqa.selenium.TimeoutException">org.openqa.selenium.TimeoutException: Expected condition failed: waiting for visibility of element located by By.xpath: //div[@class='product-item']//h2[@class='product-title']/a[text()='%s'] (tried for 30 second(s) with 500 milliseconds interval)
	at com.nopcommerce.user.livecoding.LiveCoding_nopcommerce_Wishlist_Compare_RecentView.beforeClass(LiveCoding_nopcommerce_Wishlist_Compare_RecentView.java:40)
Caused by: org.openqa.selenium.NoSuchElementException: 
Unable to locate element: //div[@class='product-item']//h2[@class='product-title']/a[text()='%s']
For documentation on this error, please visit: https://www.seleniumhq.org/exceptions/no_such_element.html
Build info: version: '3.141.59', revision: 'e82be7d358', time: '2018-11-14T08:17:03'
System info: host: 'DESKTOP-NSTF48G', ip: '192.168.1.4', os.name: 'Windows 10', os.arch: 'amd64', os.version: '10.0', java.version: '11.0.16.1'
Driver info: org.openqa.selenium.firefox.FirefoxDriver
Capabilities {acceptInsecureCerts: true, browserName: firefox, browserVersion: 112.0.2, javascriptEnabled: true, moz:accessibilityChecks: false, moz:buildID: 20230424110519, moz:geckodriverVersion: 0.33.0, moz:headless: false, moz:platformVersion: 10.0, moz:processID: 20520, moz:profile: C:\Users\Admin\AppData\Loca..., moz:shutdownTimeout: 60000, moz:useNonSpecCompliantPointerOrigin: false, moz:webdriverClick: true, moz:windowless: false, pageLoadStrategy: normal, platform: WINDOWS, platformName: WINDOWS, proxy: Proxy(), setWindowRect: true, strictFileInteractability: false, timeouts: {implicit: 0, pageLoad: 300000, script: 30000}, unhandledPromptBehavior: dismiss and notify}
Session ID: 871d6576-d8d4-4adf-837e-d37ad4ccb897
*** Element info: {Using=xpath, value=//div[@class='product-item']//h2[@class='product-title']/a[text()='%s']}
	at com.nopcommerce.user.livecoding.LiveCoding_nopcommerce_Wishlist_Compare_RecentView.beforeClass(LiveCoding_nopcommerce_Wishlist_Compare_RecentView.java:40)
</failure>
    <system-out><![CDATA[04a966f0-ec3d-4603-9c79-c5c2ce43d3ba-result.json
1dc1ab09-9f5d-4728-9ceb-629e85f9dc08-result.json
3d7c1a8e-aa89-4335-bbec-79007d1f4c8c-result.json
40e1a247-405a-4e94-a225-3ccd0e1f0f8d-container.json
42c15a20-e9b6-428a-9759-df40a2b019a9-result.json
526a0ab7-22b6-4ef0-8b0b-e95625256f74-result.json
652f7058-9040-4f98-a72f-68417395dd8d-result.json
76b8bc17-9d8a-4cb6-b65b-49f5666bcde3-result.json
79fedd28-88d0-4f6b-8b43-1065630c4bd7-container.json
7dd0121d-c8fc-4d8b-aa21-f101880b2d9d-container.json
7f09e819-7de5-41b4-8a66-3fe3a68b5dcd-container.json
802aeea9-ced7-4103-8c6b-4b6780cb38b9-container.json
8c0a6a14-c879-4411-9b12-744fea08353f-result.json
b0d832c4-ff2d-4b2c-ac64-968a579a632a-result.json
c84f4623-6e49-4af6-b547-044af199a413-result.json
d4fe8743-00e7-4b79-9a20-4b5aea3f1408-result.json
d5f116a7-a4e5-432b-bc46-63f34201220d-result.json
daab128c-86ad-466c-a180-b69979fdd8f3-result.json
eb64589c-b82c-483a-9011-fb2102a19358-result.json
f52f08f5-a87c-4929-9ab1-9e909eda46d8-result.json
[2023-10-10 08:29:26,891] Preconditions - Step 01: Navigate to Register Page
[2023-10-10 08:29:27,349] Preconditions - Step 02: Register new User account
[2023-10-10 08:29:28,943] Preconditions - Step 03: Navigate to Login page
[2023-10-10 08:29:29,402] Preconditions - Step 04: Login new User
[2023-10-10 08:29:30,277] Preconditions - Step 05: Select any product in Home Page
]]></system-out>
    <system-err><![CDATA[SLF4J: Failed to load class "org.slf4j.impl.StaticLoggerBinder".
SLF4J: Defaulting to no-operation (NOP) logger implementation
SLF4J: See http://www.slf4j.org/codes.html#StaticLoggerBinder for further details.
1696901362511	geckodriver	INFO	Listening on 127.0.0.1:48493
1696901362790	mozrunner::runner	INFO	Running command: "C:\\Program Files\\Mozilla Firefox\\firefox.exe" "--marionette" "-no-remote" "-profile" "C:\\Users\\Admin\\AppData\\Local\\Temp\\rust_mozprofileSHoZTn"
console.warn: services.settings: Ignoring preference override of remote settings server
console.warn: services.settings: Allow by setting MOZ_REMOTE_SETTINGS_DEVTOOLS=1 in the environment
1696901363581	Marionette	INFO	Marionette enabled
Dynamically enable window occlusion 0
1696901363586	Marionette	INFO	Listening on port 55166
Read port: 55166
1696901363993	RemoteAgent	WARN	TLS certificate errors will be ignored for this session
console.warn: SearchSettings: "get: No settings file exists, new profile?" (new NotFoundError("Could not open the file at C:\\Users\\Admin\\AppData\\Local\\Temp\\rust_mozprofileSHoZTn\\search.json.mozlz4", (void 0)))
[ERROR glean_core] Error setting metrics feature config: Json(Error("EOF while parsing a value", line: 1, column: 0))
Oct 10, 2023 8:29:25 AM org.openqa.selenium.remote.ProtocolHandshake createSession
INFO: Detected dialect: W3C
console.warn: LoginRecipes: "Falling back to a synchronous message for: https://demo.nopcommerce.com."
console.warn: LoginRecipes: "Falling back to a synchronous message for: https://demo.nopcommerce.com."
]]></system-err>
  </testcase>
  <testcase name="Wishlist_01_" classname="com.nopcommerce.user.livecoding.LiveCoding_nopcommerce_Wishlist_Compare_RecentView" time="0">
    <skipped message="Expected condition failed: waiting for visibility of element located by By.xpath: //div[@class=&apos;product-item&apos;]//h2[@class=&apos;product-title&apos;]/a[text()=&apos;%s&apos;] (tried for 30 second(s) with 500 milliseconds interval)"/>
  </testcase>
  <testcase name="Wishlist_02_" classname="com.nopcommerce.user.livecoding.LiveCoding_nopcommerce_Wishlist_Compare_RecentView" time="0">
    <skipped message="Expected condition failed: waiting for visibility of element located by By.xpath: //div[@class=&apos;product-item&apos;]//h2[@class=&apos;product-title&apos;]/a[text()=&apos;%s&apos;] (tried for 30 second(s) with 500 milliseconds interval)"/>
  </testcase>
  <testcase name="Wishlist_03_" classname="com.nopcommerce.user.livecoding.LiveCoding_nopcommerce_Wishlist_Compare_RecentView" time="0">
    <skipped message="Expected condition failed: waiting for visibility of element located by By.xpath: //div[@class=&apos;product-item&apos;]//h2[@class=&apos;product-title&apos;]/a[text()=&apos;%s&apos;] (tried for 30 second(s) with 500 milliseconds interval)"/>
  </testcase>
  <testcase name="Wishlist_04_" classname="com.nopcommerce.user.livecoding.LiveCoding_nopcommerce_Wishlist_Compare_RecentView" time="0">
    <skipped message="Expected condition failed: waiting for visibility of element located by By.xpath: //div[@class=&apos;product-item&apos;]//h2[@class=&apos;product-title&apos;]/a[text()=&apos;%s&apos;] (tried for 30 second(s) with 500 milliseconds interval)"/>
  </testcase>
  <testcase name="Wishlist_05_" classname="com.nopcommerce.user.livecoding.LiveCoding_nopcommerce_Wishlist_Compare_RecentView" time="0">
    <skipped message="Expected condition failed: waiting for visibility of element located by By.xpath: //div[@class=&apos;product-item&apos;]//h2[@class=&apos;product-title&apos;]/a[text()=&apos;%s&apos;] (tried for 30 second(s) with 500 milliseconds interval)"/>
  </testcase>
  <testcase name="afterClass" classname="com.nopcommerce.user.livecoding.LiveCoding_nopcommerce_Wishlist_Compare_RecentView" time="0">
    <skipped/>
  </testcase>
</testsuite>