<?xml version="1.0" encoding="UTF-8"?>
<testsuite name="Run on Firefox"
           tests="5"
           failures="0"
           errors="0"
           skipped="0"
           time="7.311">
  <properties />
  
  
            <testcase name="Wishlist_03_Remove_Product_In_Wishlist" time="0.002" classname="com.nopcommerce.user.livecoding.LiveCoding_nopcommerce_Wishlist_Compare_RecentView" />
                <testcase name="Wishlist_01_Add_To_Wishlist" time="7.303" classname="com.nopcommerce.user.livecoding.LiveCoding_nopcommerce_Wishlist_Compare_RecentView" />
                <testcase name="Wishlist_02_Add_Product_To_Card_From_Wishlist" time="0.002" classname="com.nopcommerce.user.livecoding.LiveCoding_nopcommerce_Wishlist_Compare_RecentView" />
                <testcase name="Wishlist_04_Add_Product_To_Compare" time="0.002" classname="com.nopcommerce.user.livecoding.LiveCoding_nopcommerce_Wishlist_Compare_RecentView" />
                <testcase name="Wishlist_05_" time="0.002" classname="com.nopcommerce.user.livecoding.LiveCoding_nopcommerce_Wishlist_Compare_RecentView" />
      
</testsuite>
