<?xml version="1.0" encoding="UTF-8"?>
<testng-results ignored="0" total="5" passed="5" failed="0" skipped="0">
  <reporter-output>
    <line>
      <![CDATA[[2023-10-17 11:07:09,263] Preconditions - Step 01: Navigate to Register Page
<br>]]>
    </line>
    <line>
      <![CDATA[[2023-10-17 11:07:10,210] Preconditions - Step 02: Register new User account
<br>]]>
    </line>
    <line>
      <![CDATA[[2023-10-17 11:07:10,726] Preconditions - Step 03: Navigate to Login page
<br>]]>
    </line>
    <line>
      <![CDATA[[2023-10-17 11:07:11,071] Preconditions - Step 04: Login new User
<br>]]>
    </line>
    <line>
      <![CDATA[[2023-10-17 11:07:11,734] Preconditions - Step 05: Select any product in Home Page
<br>]]>
    </line>
  </reporter-output>
  <suite started-at="2023-10-17T04:07:04Z" name="Nopcommerce" finished-at="2023-10-17T04:07:20Z" duration-ms="16156">
    <groups>
    </groups>
    <test started-at="2023-10-17T04:07:04Z" name="Run on Firefox" finished-at="2023-10-17T04:07:20Z" duration-ms="16156">
      <class name="com.nopcommerce.user.livecoding.LiveCoding_nopcommerce_Wishlist_Compare_RecentView">
        <test-method is-config="true" signature="initBeforeSuite()[pri:0, instance:com.nopcommerce.user.livecoding.LiveCoding_nopcommerce_Wishlist_Compare_RecentView@6794ac0b]" started-at="2023-10-17T04:07:04Z" name="initBeforeSuite" finished-at="2023-10-17T04:07:04Z" duration-ms="23" status="PASS">
          <reporter-output>
          </reporter-output>
        </test-method> <!-- initBeforeSuite -->
        <test-method is-config="true" signature="beforeClass(java.lang.String)[pri:0, instance:com.nopcommerce.user.livecoding.LiveCoding_nopcommerce_Wishlist_Compare_RecentView@6794ac0b]" started-at="2023-10-17T04:07:04Z" name="beforeClass" finished-at="2023-10-17T04:07:12Z" duration-ms="8176" status="PASS">
          <params>
            <param index="0">
              <value>
                <![CDATA[firefox]]>
              </value>
            </param>
          </params>
          <reporter-output>
            <line>
              <![CDATA[[2023-10-17 11:07:09,263] Preconditions - Step 01: Navigate to Register Page
<br>]]>
            </line>
            <line>
              <![CDATA[[2023-10-17 11:07:10,210] Preconditions - Step 02: Register new User account
<br>]]>
            </line>
            <line>
              <![CDATA[[2023-10-17 11:07:10,726] Preconditions - Step 03: Navigate to Login page
<br>]]>
            </line>
            <line>
              <![CDATA[[2023-10-17 11:07:11,071] Preconditions - Step 04: Login new User
<br>]]>
            </line>
            <line>
              <![CDATA[[2023-10-17 11:07:11,734] Preconditions - Step 05: Select any product in Home Page
<br>]]>
            </line>
          </reporter-output>
        </test-method> <!-- beforeClass -->
        <test-method signature="Wishlist_01_Add_To_Wishlist(java.lang.reflect.Method)[pri:0, instance:com.nopcommerce.user.livecoding.LiveCoding_nopcommerce_Wishlist_Compare_RecentView@6794ac0b]" started-at="2023-10-17T04:07:12Z" name="Wishlist_01_Add_To_Wishlist" finished-at="2023-10-17T04:07:20Z" duration-ms="7303" status="PASS">
          <params>
            <param index="0">
              <value>
                <![CDATA[public void com.nopcommerce.user.livecoding.LiveCoding_nopcommerce_Wishlist_Compare_RecentView.Wishlist_01_Add_To_Wishlist(java.lang.reflect.Method)]]>
              </value>
            </param>
          </params>
          <reporter-output>
          </reporter-output>
        </test-method> <!-- Wishlist_01_Add_To_Wishlist -->
        <test-method signature="Wishlist_02_Add_Product_To_Card_From_Wishlist(java.lang.reflect.Method)[pri:0, instance:com.nopcommerce.user.livecoding.LiveCoding_nopcommerce_Wishlist_Compare_RecentView@6794ac0b]" started-at="2023-10-17T04:07:20Z" name="Wishlist_02_Add_Product_To_Card_From_Wishlist" finished-at="2023-10-17T04:07:20Z" duration-ms="2" status="PASS">
          <params>
            <param index="0">
              <value>
                <![CDATA[public void com.nopcommerce.user.livecoding.LiveCoding_nopcommerce_Wishlist_Compare_RecentView.Wishlist_02_Add_Product_To_Card_From_Wishlist(java.lang.reflect.Method)]]>
              </value>
            </param>
          </params>
          <reporter-output>
          </reporter-output>
        </test-method> <!-- Wishlist_02_Add_Product_To_Card_From_Wishlist -->
        <test-method signature="Wishlist_03_Remove_Product_In_Wishlist(java.lang.reflect.Method)[pri:0, instance:com.nopcommerce.user.livecoding.LiveCoding_nopcommerce_Wishlist_Compare_RecentView@6794ac0b]" started-at="2023-10-17T04:07:20Z" name="Wishlist_03_Remove_Product_In_Wishlist" finished-at="2023-10-17T04:07:20Z" duration-ms="2" status="PASS">
          <params>
            <param index="0">
              <value>
                <![CDATA[public void com.nopcommerce.user.livecoding.LiveCoding_nopcommerce_Wishlist_Compare_RecentView.Wishlist_03_Remove_Product_In_Wishlist(java.lang.reflect.Method)]]>
              </value>
            </param>
          </params>
          <reporter-output>
          </reporter-output>
        </test-method> <!-- Wishlist_03_Remove_Product_In_Wishlist -->
        <test-method signature="Wishlist_04_Add_Product_To_Compare(java.lang.reflect.Method)[pri:0, instance:com.nopcommerce.user.livecoding.LiveCoding_nopcommerce_Wishlist_Compare_RecentView@6794ac0b]" started-at="2023-10-17T04:07:20Z" name="Wishlist_04_Add_Product_To_Compare" finished-at="2023-10-17T04:07:20Z" duration-ms="2" status="PASS">
          <params>
            <param index="0">
              <value>
                <![CDATA[public void com.nopcommerce.user.livecoding.LiveCoding_nopcommerce_Wishlist_Compare_RecentView.Wishlist_04_Add_Product_To_Compare(java.lang.reflect.Method)]]>
              </value>
            </param>
          </params>
          <reporter-output>
          </reporter-output>
        </test-method> <!-- Wishlist_04_Add_Product_To_Compare -->
        <test-method signature="Wishlist_05_(java.lang.reflect.Method)[pri:0, instance:com.nopcommerce.user.livecoding.LiveCoding_nopcommerce_Wishlist_Compare_RecentView@6794ac0b]" started-at="2023-10-17T04:07:20Z" name="Wishlist_05_" finished-at="2023-10-17T04:07:20Z" duration-ms="2" status="PASS">
          <params>
            <param index="0">
              <value>
                <![CDATA[public void com.nopcommerce.user.livecoding.LiveCoding_nopcommerce_Wishlist_Compare_RecentView.Wishlist_05_(java.lang.reflect.Method)]]>
              </value>
            </param>
          </params>
          <reporter-output>
          </reporter-output>
        </test-method> <!-- Wishlist_05_ -->
        <test-method is-config="true" signature="afterClass()[pri:0, instance:com.nopcommerce.user.livecoding.LiveCoding_nopcommerce_Wishlist_Compare_RecentView@6794ac0b]" started-at="2023-10-17T04:07:20Z" name="afterClass" finished-at="2023-10-17T04:07:20Z" duration-ms="558" status="PASS">
          <reporter-output>
          </reporter-output>
        </test-method> <!-- afterClass -->
      </class> <!-- com.nopcommerce.user.livecoding.LiveCoding_nopcommerce_Wishlist_Compare_RecentView -->
    </test> <!-- Run on Firefox -->
  </suite> <!-- Nopcommerce -->
</testng-results>
